<?xml version="1.0" encoding="UTF-8"?>
<!-- Generated by org.testng.reporters.JUnitXMLReporter -->
<testsuite hostname="DESKTOP-UBQJ9QQ" name="Test1" tests="2" failures="1" timestamp="7 Sep 2022 06:47:55 GMT" time="20.844" errors="0">
  <testcase name="testAssert" time="4.33" classname="com.actitime.test.AssertUsing">
    <failure type="java.lang.AssertionError" message="The following asserts failed:
	expected [Google123] but found [Google]">
      <![CDATA[java.lang.AssertionError: The following asserts failed:
	expected [Google123] but found [Google]
	at com.actitime.test.AssertUsing.testAssert(AssertUsing.java:25)
... Removed 26 stack frames]]>
    </failure>
  </testcase> <!-- testAssert -->
  <testcase name="testLogin" time="8.034" classname="com.actitime.test.AssertUsing"/>
</testsuite> <!-- Test1 -->
